Using pre-set license
Built from 'trunk' branch; Version is '6000.0.16f1 (ae37dbaefed8) revision 11417563'; Using compiler version '193933523'; Build Type 'Release'
OS: 'Windows 10  (10.0.19045) 64bit Core' Language: 'pt' Physical Memory: 16237 MB
BatchMode: 1, IsHumanControllingUs: 0, StartBugReporterOnCrash: 0, Is64bit: 1, IsPro: 1

COMMAND LINE ARGUMENTS:
D:\Unity\Hub\Editor\6000.0.16f1\Editor\Unity.exe
-adb2
-batchMode
-noUpm
-name
AssetImportWorker1
-projectPath
D:/Universidade/Rehacity/Reh@city 6
-logFile
Logs/AssetImportWorker1.log
-srvPort
52234
-job-worker-count
3
-background-job-worker-count
8
-asset-garbage-collectors
1
Successfully changed project path to: D:/Universidade/Rehacity/Reh@city 6
D:/Universidade/Rehacity/Reh@city 6
[UnityMemory] Configuration Parameters - Can be set up in boot.config
    "memorysetup-bucket-allocator-granularity=16"
    "memorysetup-bucket-allocator-bucket-count=8"
    "memorysetup-bucket-allocator-block-size=33554432"
    "memorysetup-bucket-allocator-block-count=8"
    "memorysetup-main-allocator-block-size=16777216"
    "memorysetup-thread-allocator-block-size=16777216"
    "memorysetup-gfx-main-allocator-block-size=16777216"
    "memorysetup-gfx-thread-allocator-block-size=16777216"
    "memorysetup-cache-allocator-block-size=4194304"
    "memorysetup-typetree-allocator-block-size=2097152"
    "memorysetup-profiler-bucket-allocator-granularity=16"
    "memorysetup-profiler-bucket-allocator-bucket-count=8"
    "memorysetup-profiler-bucket-allocator-block-size=33554432"
    "memorysetup-profiler-bucket-allocator-block-count=8"
    "memorysetup-profiler-allocator-block-size=16777216"
    "memorysetup-profiler-editor-allocator-block-size=1048576"
    "memorysetup-temp-allocator-size-main=16777216"
    "memorysetup-job-temp-allocator-block-size=2097152"
    "memorysetup-job-temp-allocator-block-size-background=1048576"
    "memorysetup-job-temp-allocator-reduction-small-platforms=262144"
    "memorysetup-allocator-temp-initial-block-size-main=262144"
    "memorysetup-allocator-temp-initial-block-size-worker=262144"
    "memorysetup-temp-allocator-size-background-worker=32768"
    "memorysetup-temp-allocator-size-job-worker=262144"
    "memorysetup-temp-allocator-size-preload-manager=33554432"
    "memorysetup-temp-allocator-size-nav-mesh-worker=65536"
    "memorysetup-temp-allocator-size-audio-worker=65536"
    "memorysetup-temp-allocator-size-cloud-worker=32768"
    "memorysetup-temp-allocator-size-gi-baking-worker=262144"
    "memorysetup-temp-allocator-size-gi-baking-worker=262144"
    "memorysetup-temp-allocator-size-gi-baking-worker=262144"
    "memorysetup-temp-allocator-size-gi-baking-worker=262144"
    "memorysetup-temp-allocator-size-gi-baking-worker=262144"
    "memorysetup-temp-allocator-size-gfx=262144"
Player connection [16716]  Target information:

Player connection [16716]  * "[IP] 192.168.1.136 [Port] 0 [Flags] 2 [Guid] 433957577 [EditorId] 433957577 [Version] 1048832 [Id] WindowsEditor(7,DESKTOP-S55B6S2) [Debug] 1 [PackageName] WindowsEditor [ProjectName] Editor" 

Player connection [16716] Host joined multi-casting on [225.0.0.222:54997]...
Player connection [16716] Host joined alternative multi-casting on [225.0.0.222:34997]...
JobSystem: Creating JobQueue using job-worker-count value 3
Library Redirect Path: Library/
[PhysX] Initialized MultithreadedTaskDispatcher with 4 workers.
Refreshing native plugins compatible for Editor in 481.20 ms, found 8 plugins.
Preloading 1 native plugins for Editor in 10.32 ms.
Initialize engine version: 6000.0.16f1 (ae37dbaefed8)
[Subsystems] Discovering subsystems at path D:/Unity/Hub/Editor/6000.0.16f1/Editor/Data/Resources/UnitySubsystems
[Subsystems] Discovering subsystems at path D:/Universidade/Rehacity/Reh@city 6/Assets
GfxDevice: creating device client; kGfxThreadingModeNonThreaded
Direct3D:
    Version:  Direct3D 11.0 [level 11.1]
    Renderer: NVIDIA GeForce GTX 1650 (ID=0x1f0a)
    Vendor:   NVIDIA
    VRAM:     3935 MB
    Driver:   32.0.15.6109
Shader 'Oculus/OVRMRCameraFrameLit': fallback shader 'Alpha-Diffuse' not found
Initialize mono
Mono path[0] = 'D:/Unity/Hub/Editor/6000.0.16f1/Editor/Data/Managed'
Mono path[1] = 'D:/Unity/Hub/Editor/6000.0.16f1/Editor/Data/MonoBleedingEdge/lib/mono/unityjit-win32'
Mono config path = 'D:/Unity/Hub/Editor/6000.0.16f1/Editor/Data/MonoBleedingEdge/etc'
Using monoOptions --debugger-agent=transport=dt_socket,embedding=1,server=y,suspend=n,address=127.0.0.1:56712
Begin MonoManager ReloadAssembly
Registering precompiled unity dll's ...
Register platform support module: D:/Unity/Hub/Editor/6000.0.16f1/Editor/Data/PlaybackEngines/WindowsStandaloneSupport/UnityEditor.WindowsStandalone.Extensions.dll
Registered in 0.002287 seconds.
- Loaded All Assemblies, in  0.656 seconds
Native extension for WindowsStandalone target not found
Mono: successfully reloaded assembly
- Finished resetting the current domain, in  0.463 seconds
Domain Reload Profiling: 1119ms
	BeginReloadAssembly (269ms)
		ExecutionOrderSort (0ms)
		DisableScriptedObjects (0ms)
		BackupInstance (0ms)
		ReleaseScriptingObjects (0ms)
		CreateAndSetChildDomain (1ms)
	RebuildCommonClasses (45ms)
	RebuildNativeTypeToScriptingClass (19ms)
	initialDomainReloadingComplete (57ms)
	LoadAllAssembliesAndSetupDomain (265ms)
		LoadAssemblies (268ms)
		RebuildTransferFunctionScriptingTraits (0ms)
		AnalyzeDomain (261ms)
			TypeCache.Refresh (260ms)
				TypeCache.ScanAssembly (242ms)
			BuildScriptInfoCaches (0ms)
			ResolveRequiredComponents (1ms)
	FinalizeReload (464ms)
		ReleaseScriptCaches (0ms)
		RebuildScriptCaches (0ms)
		SetupLoadedEditorAssemblies (422ms)
			LogAssemblyErrors (0ms)
			InitializePlatformSupportModulesInManaged (34ms)
			SetLoadedEditorAssemblies (6ms)
			BeforeProcessingInitializeOnLoad (10ms)
			ProcessInitializeOnLoadAttributes (261ms)
			ProcessInitializeOnLoadMethodAttributes (107ms)
			AfterProcessingInitializeOnLoad (3ms)
			EditorAssembliesLoaded (0ms)
		ExecutionOrderSort2 (0ms)
		AwakeInstancesAfterBackupRestoration (0ms)
========================================================================
Worker process is ready to serve import requests
Import Worker Mode flag is 0x00
Begin MonoManager ReloadAssembly
- Loaded All Assemblies, in  7.587 seconds
Refreshing native plugins compatible for Editor in 5.50 ms, found 8 plugins.
Native extension for WindowsStandalone target not found
Mono: successfully reloaded assembly
- Finished resetting the current domain, in  1.638 seconds
Domain Reload Profiling: 9223ms
	BeginReloadAssembly (3544ms)
		ExecutionOrderSort (0ms)
		DisableScriptedObjects (7ms)
		BackupInstance (0ms)
		ReleaseScriptingObjects (0ms)
		CreateAndSetChildDomain (48ms)
	RebuildCommonClasses (54ms)
	RebuildNativeTypeToScriptingClass (14ms)
	initialDomainReloadingComplete (34ms)
	LoadAllAssembliesAndSetupDomain (3938ms)
		LoadAssemblies (3404ms)
		RebuildTransferFunctionScriptingTraits (0ms)
		AnalyzeDomain (705ms)
			TypeCache.Refresh (440ms)
				TypeCache.ScanAssembly (407ms)
			BuildScriptInfoCaches (218ms)
			ResolveRequiredComponents (43ms)
	FinalizeReload (1638ms)
		ReleaseScriptCaches (0ms)
		RebuildScriptCaches (0ms)
		SetupLoadedEditorAssemblies (1329ms)
			LogAssemblyErrors (0ms)
			InitializePlatformSupportModulesInManaged (4ms)
			SetLoadedEditorAssemblies (6ms)
			BeforeProcessingInitializeOnLoad (129ms)
			ProcessInitializeOnLoadAttributes (1108ms)
			ProcessInitializeOnLoadMethodAttributes (78ms)
			AfterProcessingInitializeOnLoad (5ms)
			EditorAssembliesLoaded (0ms)
		ExecutionOrderSort2 (0ms)
		AwakeInstancesAfterBackupRestoration (7ms)
Shader 'Oculus/OVRMRCameraFrameLit': fallback shader 'Alpha-Diffuse' not found
Launched and connected shader compiler UnityShaderCompiler.exe after 0.10 seconds
Refreshing native plugins compatible for Editor in 5.59 ms, found 8 plugins.
Preloading 1 native plugins for Editor in 0.03 ms.
Unloading 389 Unused Serialized files (Serialized files now loaded: 0)
Unloading 7945 unused Assets / (10.0 MB). Loaded Objects now: 8862.
Memory consumption went from 295.1 MB to 285.0 MB.
Total: 14.201700 ms (FindLiveObjects: 1.453200 ms CreateObjectMapping: 1.927100 ms MarkObjects: 5.982900 ms  DeleteObjects: 4.837300 ms)

========================================================================
Received Prepare
Shader 'Oculus/OVRMRCameraFrameLit': fallback shader 'Alpha-Diffuse' not found
Refreshing native plugins compatible for Editor in 6.13 ms, found 8 plugins.
Preloading 1 native plugins for Editor in 0.03 ms.
Unloading 47 Unused Serialized files (Serialized files now loaded: 0)
Unloading 47 unused Assets / (5.4 MB). Loaded Objects now: 8862.
Memory consumption went from 206.3 MB to 201.0 MB.
Total: 6.553000 ms (FindLiveObjects: 0.510900 ms CreateObjectMapping: 0.473000 ms MarkObjects: 4.369800 ms  DeleteObjects: 1.198200 ms)

Prepare: number of updated asset objects reloaded= 0
========================================================================
Received Import Request.
  Time since last request: 148800.553228 seconds.
  path: Assets/WoodFacade2.mat
  artifactKey: Guid(557908488f1424145b21b71f51eb804b) Importer(815301076,1909f56bfc062723c751e8b465ee728b)
Start importing Assets/WoodFacade2.mat using Guid(557908488f1424145b21b71f51eb804b) Importer(815301076,1909f56bfc062723c751e8b465ee728b) (PreviewImporter)[PhysX] Initialized MultithreadedTaskDispatcher with 4 workers.
[PhysX] Initialized MultithreadedTaskDispatcher with 4 workers.
 -> (artifact id: '6a15e9bd73b6f6bdc53be201ab81b404') in 0.7564666 seconds
Number of updated asset objects reloaded before import = 0Number of asset objects unloaded after import = 3

========================================================================
Received Import Request.
  Time since last request: 26.359991 seconds.
  path: Assets/PREFABS_CITY/stand_magazine/separador_Magazine.prefab
  artifactKey: Guid(099967042342b7f45b39b2b84a022449) Importer(815301076,1909f56bfc062723c751e8b465ee728b)
Start importing Assets/PREFABS_CITY/stand_magazine/separador_Magazine.prefab using Guid(099967042342b7f45b39b2b84a022449) Importer(815301076,1909f56bfc062723c751e8b465ee728b) (PreviewImporter)[PhysX] Initialized MultithreadedTaskDispatcher with 4 workers.
[PhysX] Initialized MultithreadedTaskDispatcher with 4 workers.
 -> (artifact id: 'f3a99f7c3afc71e72784c2aabe78d7af') in 0.3636468 seconds
Number of updated asset objects reloaded before import = 0Number of asset objects unloaded after import = 110

========================================================================
Received Import Request.
  Time since last request: 0.000019 seconds.
  path: Assets/PREFABS_CITY/stand_magazine/stand_magazine.prefab
  artifactKey: Guid(ae3b4a2c46596c944b1aa4feaad0f04e) Importer(815301076,1909f56bfc062723c751e8b465ee728b)
Start importing Assets/PREFABS_CITY/stand_magazine/stand_magazine.prefab using Guid(ae3b4a2c46596c944b1aa4feaad0f04e) Importer(815301076,1909f56bfc062723c751e8b465ee728b) (PreviewImporter)[PhysX] Initialized MultithreadedTaskDispatcher with 4 workers.
[PhysX] Initialized MultithreadedTaskDispatcher with 4 workers.
 -> (artifact id: '4ddae79d4ba3576d0e768191b1fb5f70') in 0.1882174 seconds
Number of updated asset objects reloaded before import = 0Number of asset objects unloaded after import = 1148

========================================================================
Received Import Request.
  Time since last request: 0.000029 seconds.
  path: Assets/PREFABS_CITY/stand_magazine
  artifactKey: Guid(4e11572be8c8ee846868b3ddd4e4c202) Importer(815301076,1909f56bfc062723c751e8b465ee728b)
Start importing Assets/PREFABS_CITY/stand_magazine using Guid(4e11572be8c8ee846868b3ddd4e4c202) Importer(815301076,1909f56bfc062723c751e8b465ee728b) (PreviewImporter)[PhysX] Initialized MultithreadedTaskDispatcher with 4 workers.
 -> (artifact id: 'f863a4245a6534db73484615c614789d') in 0.0010257 seconds
Number of updated asset objects reloaded before import = 0Number of asset objects unloaded after import = 0

========================================================================
Received Import Request.
  Time since last request: 319.634840 seconds.
  path: Assets/Models/CityModels/NewCity/Materials/C3_modernbrick.mat
  artifactKey: Guid(67238bbfb9f57964ebfc750e3ca3fe44) Importer(815301076,1909f56bfc062723c751e8b465ee728b)
Start importing Assets/Models/CityModels/NewCity/Materials/C3_modernbrick.mat using Guid(67238bbfb9f57964ebfc750e3ca3fe44) Importer(815301076,1909f56bfc062723c751e8b465ee728b) (PreviewImporter)[PhysX] Initialized MultithreadedTaskDispatcher with 4 workers.
[PhysX] Initialized MultithreadedTaskDispatcher with 4 workers.
 -> (artifact id: '6c57e6355e758ecb554895cc1940224e') in 0.0242807 seconds
Number of updated asset objects reloaded before import = 0Number of asset objects unloaded after import = 3

========================================================================
Received Import Request.
  Time since last request: 0.000022 seconds.
  path: Assets/Models/CityModels/NewCity/Materials/GT_1FL_W4.mat
  artifactKey: Guid(36078df2f9d408d4796e1ef598b840ec) Importer(815301076,1909f56bfc062723c751e8b465ee728b)
Start importing Assets/Models/CityModels/NewCity/Materials/GT_1FL_W4.mat using Guid(36078df2f9d408d4796e1ef598b840ec) Importer(815301076,1909f56bfc062723c751e8b465ee728b) (PreviewImporter)[PhysX] Initialized MultithreadedTaskDispatcher with 4 workers.
[PhysX] Initialized MultithreadedTaskDispatcher with 4 workers.
 -> (artifact id: '037ba27644416312224623f5eec6b4ff') in 0.1078418 seconds
Number of updated asset objects reloaded before import = 0Number of asset objects unloaded after import = 2

========================================================================
Received Import Request.
  Time since last request: 254.895210 seconds.
  path: Assets/Models/CityModels/NewCity/Materials/NewCity_1-GT_1FL_W13.jpg.mat
  artifactKey: Guid(9f9053ab3e2d7014d886ab9be341d31e) Importer(815301076,1909f56bfc062723c751e8b465ee728b)
Start importing Assets/Models/CityModels/NewCity/Materials/NewCity_1-GT_1FL_W13.jpg.mat using Guid(9f9053ab3e2d7014d886ab9be341d31e) Importer(815301076,1909f56bfc062723c751e8b465ee728b) (PreviewImporter)[PhysX] Initialized MultithreadedTaskDispatcher with 4 workers.
[PhysX] Initialized MultithreadedTaskDispatcher with 4 workers.
 -> (artifact id: '7017a71073c48542040ba0a4ec206e93') in 0.0689096 seconds
Number of updated asset objects reloaded before import = 0Number of asset objects unloaded after import = 2

========================================================================
Received Import Request.
  Time since last request: 0.000027 seconds.
  path: Assets/Models/CityModels/NewCity/Materials/NewCity_1-SF_concrete1.jpg.mat
  artifactKey: Guid(000f01e5ad4ab29408584317085b4a3e) Importer(815301076,1909f56bfc062723c751e8b465ee728b)
Start importing Assets/Models/CityModels/NewCity/Materials/NewCity_1-SF_concrete1.jpg.mat using Guid(000f01e5ad4ab29408584317085b4a3e) Importer(815301076,1909f56bfc062723c751e8b465ee728b) (PreviewImporter)[PhysX] Initialized MultithreadedTaskDispatcher with 4 workers.
[PhysX] Initialized MultithreadedTaskDispatcher with 4 workers.
 -> (artifact id: '5bc5406ba4fc8f34c7f283899b671b55') in 0.0735622 seconds
Number of updated asset objects reloaded before import = 0Number of asset objects unloaded after import = 2

========================================================================
Received Import Request.
  Time since last request: 0.000040 seconds.
  path: Assets/Models/CityModels/NewCity/Materials/NewCity_1-wall4.jpg.mat
  artifactKey: Guid(f0925ec9cdcb4ce409e6a952d7a9293a) Importer(815301076,1909f56bfc062723c751e8b465ee728b)
Start importing Assets/Models/CityModels/NewCity/Materials/NewCity_1-wall4.jpg.mat using Guid(f0925ec9cdcb4ce409e6a952d7a9293a) Importer(815301076,1909f56bfc062723c751e8b465ee728b) (PreviewImporter)[PhysX] Initialized MultithreadedTaskDispatcher with 4 workers.
[PhysX] Initialized MultithreadedTaskDispatcher with 4 workers.
 -> (artifact id: '7e4a59df0abbb628341d6e0e9a8fbf45') in 0.0811274 seconds
Number of updated asset objects reloaded before import = 0Number of asset objects unloaded after import = 2

========================================================================
Received Import Request.
  Time since last request: 0.000018 seconds.
  path: Assets/Models/CityModels/NewCity/Materials/NewCity_1-GT_NaturalStoneWall.png.mat
  artifactKey: Guid(09d356f444754214bb9c2ec21315988c) Importer(815301076,1909f56bfc062723c751e8b465ee728b)
Start importing Assets/Models/CityModels/NewCity/Materials/NewCity_1-GT_NaturalStoneWall.png.mat using Guid(09d356f444754214bb9c2ec21315988c) Importer(815301076,1909f56bfc062723c751e8b465ee728b) (PreviewImporter)[PhysX] Initialized MultithreadedTaskDispatcher with 4 workers.
[PhysX] Initialized MultithreadedTaskDispatcher with 4 workers.
 -> (artifact id: '34f8ee23c99297e99ceb6dbe96edf32b') in 0.0369948 seconds
Number of updated asset objects reloaded before import = 0Number of asset objects unloaded after import = 2

========================================================================
Received Import Request.
  Time since last request: 0.000029 seconds.
  path: Assets/Models/CityModels/NewCity/Materials/NewCity_1-GT_DirtyConcreteWall.png.mat
  artifactKey: Guid(086858ebf587a2f49a0332bd2f126e57) Importer(815301076,1909f56bfc062723c751e8b465ee728b)
Start importing Assets/Models/CityModels/NewCity/Materials/NewCity_1-GT_DirtyConcreteWall.png.mat using Guid(086858ebf587a2f49a0332bd2f126e57) Importer(815301076,1909f56bfc062723c751e8b465ee728b) (PreviewImporter)[PhysX] Initialized MultithreadedTaskDispatcher with 4 workers.
[PhysX] Initialized MultithreadedTaskDispatcher with 4 workers.
 -> (artifact id: 'ac3af83903f6f83a6d33639e0b29cc5e') in 0.0921563 seconds
Number of updated asset objects reloaded before import = 0Number of asset objects unloaded after import = 2

Editor requested this worker to shutdown with reason: Scaling down because of idle timeout
AssetImportWorker is now disconnected from the server
Process exiting
Exiting without the bug reporter. Application will terminate with return code 0